2017-03-05 15:12:43  [ main:0 ] - [ INFO ]  Refreshing org.springframework.context.support.ClassPathXmlApplicationContext@1072b90: startup date [Sun Mar 05 15:12:43 CST 2017]; root of context hierarchy
2017-03-05 15:12:43  [ main:343 ] - [ INFO ]  Loading XML bean definitions from class path resource [beans.xml]
2017-03-05 15:12:46  [ main:2538 ] - [ WARN ]  Exception encountered during context initialization - cancelling refresh attempt: org.springframework.beans.factory.BeanCreationException: Error creating bean with name 'speciesBizImpl': Injection of resource dependencies failed; nested exception is org.springframework.beans.factory.BeanCreationException: Error creating bean with name 'baseDaoMybatisImpl': Injection of resource dependencies failed; nested exception is org.springframework.beans.factory.NoSuchBeanDefinitionException: No bean named 'sqlSessionFactory' is defined
2017-03-05 15:14:11  [ main:0 ] - [ INFO ]  Refreshing org.springframework.context.support.ClassPathXmlApplicationContext@1072b90: startup date [Sun Mar 05 15:14:11 CST 2017]; root of context hierarchy
2017-03-05 15:14:11  [ main:183 ] - [ INFO ]  Loading XML bean definitions from class path resource [beans.xml]
2017-03-05 15:14:12  [ main:1093 ] - [ WARN ]  Exception encountered during context initialization - cancelling refresh attempt: org.springframework.beans.factory.BeanCreationException: Error creating bean with name 'speciesBizImpl': Injection of resource dependencies failed; nested exception is org.springframework.beans.factory.BeanCreationException: Error creating bean with name 'baseDaoMybatisImpl': Injection of resource dependencies failed; nested exception is org.springframework.beans.factory.NoSuchBeanDefinitionException: No bean named 'sqlSessionFactory' is defined
2017-03-05 15:15:22  [ main:0 ] - [ INFO ]  Refreshing org.springframework.context.support.ClassPathXmlApplicationContext@13eaab: startup date [Sun Mar 05 15:15:22 CST 2017]; root of context hierarchy
2017-03-05 15:15:22  [ main:166 ] - [ INFO ]  Loading XML bean definitions from class path resource [beans.xml]
2017-03-05 15:15:23  [ main:1083 ] - [ WARN ]  Exception encountered during context initialization - cancelling refresh attempt: org.springframework.beans.factory.BeanCreationException: Error creating bean with name 'speciesBizImpl': Injection of resource dependencies failed; nested exception is org.springframework.beans.factory.BeanCreationException: Error creating bean with name 'baseDaoMybatisImpl': Injection of resource dependencies failed; nested exception is org.springframework.beans.factory.NoSuchBeanDefinitionException: No bean named 'sqlSessionFactory' is defined
2017-03-05 15:17:22  [ main:0 ] - [ INFO ]  Refreshing org.springframework.context.support.ClassPathXmlApplicationContext@13eaab: startup date [Sun Mar 05 15:17:22 CST 2017]; root of context hierarchy
2017-03-05 15:17:22  [ main:123 ] - [ INFO ]  Loading XML bean definitions from class path resource [beans.xml]
2017-03-05 15:17:23  [ main:1134 ] - [ WARN ]  Exception encountered during context initialization - cancelling refresh attempt: org.springframework.beans.factory.BeanCreationException: Error creating bean with name 'speciesBizImpl': Injection of resource dependencies failed; nested exception is org.springframework.beans.factory.BeanCreationException: Error creating bean with name 'baseDaoMybatisImpl': Injection of resource dependencies failed; nested exception is org.springframework.beans.factory.NoSuchBeanDefinitionException: No bean named 'sqlSessionFactory' is defined
2017-03-05 15:18:10  [ main:0 ] - [ INFO ]  Refreshing org.springframework.context.support.ClassPathXmlApplicationContext@1939100: startup date [Sun Mar 05 15:18:10 CST 2017]; root of context hierarchy
2017-03-05 15:18:10  [ main:165 ] - [ INFO ]  Loading XML bean definitions from class path resource [beans.xml]
2017-03-05 15:18:12  [ main:1851 ] - [ WARN ]  Exception encountered during context initialization - cancelling refresh attempt: org.springframework.beans.factory.BeanCreationException: Error creating bean with name 'speciesBizImpl': Injection of resource dependencies failed; nested exception is org.springframework.beans.factory.BeanCreationException: Error creating bean with name 'baseDaoMybatisImpl': Injection of resource dependencies failed; nested exception is org.springframework.beans.factory.NoSuchBeanDefinitionException: No bean named 'sqlSessionFactory' is defined
2017-03-05 15:21:55  [ main:1 ] - [ INFO ]  Refreshing org.springframework.context.support.ClassPathXmlApplicationContext@13eaab: startup date [Sun Mar 05 15:21:55 CST 2017]; root of context hierarchy
2017-03-05 15:21:56  [ main:133 ] - [ INFO ]  Loading XML bean definitions from class path resource [beans.xml]
2017-03-05 15:21:57  [ main:1208 ] - [ WARN ]  Exception encountered during context initialization - cancelling refresh attempt: org.springframework.beans.factory.BeanCreationException: Error creating bean with name 'speciesBizImpl': Injection of resource dependencies failed; nested exception is org.springframework.beans.factory.BeanCreationException: Error creating bean with name 'baseDaoMybatisImpl': Injection of resource dependencies failed; nested exception is org.springframework.beans.factory.NoSuchBeanDefinitionException: No bean named 'sqlSessionFactory' is defined
2017-03-05 15:30:38  [ main:0 ] - [ INFO ]  Refreshing org.springframework.context.support.ClassPathXmlApplicationContext@13eaab: startup date [Sun Mar 05 15:30:38 CST 2017]; root of context hierarchy
2017-03-05 15:30:38  [ main:197 ] - [ INFO ]  Loading XML bean definitions from class path resource [beans.xml]
2017-03-05 15:30:39  [ main:1194 ] - [ WARN ]  Exception encountered during context initialization - cancelling refresh attempt: org.springframework.beans.factory.BeanCreationException: Error creating bean with name 'speciesBizImpl': Injection of resource dependencies failed; nested exception is org.springframework.beans.factory.BeanCreationException: Error creating bean with name 'baseDaoMybatisImpl': Injection of resource dependencies failed; nested exception is org.springframework.beans.factory.NoSuchBeanDefinitionException: No bean named 'sqlSessionFactory' is defined
2017-03-05 15:32:40  [ main:0 ] - [ INFO ]  Refreshing org.springframework.context.support.ClassPathXmlApplicationContext@13eaab: startup date [Sun Mar 05 15:32:40 CST 2017]; root of context hierarchy
2017-03-05 15:32:40  [ main:143 ] - [ INFO ]  Loading XML bean definitions from class path resource [beans.xml]
2017-03-05 15:32:41  [ main:1187 ] - [ WARN ]  Exception encountered during context initialization - cancelling refresh attempt: org.springframework.beans.factory.BeanCreationException: Error creating bean with name 'speciesBizImpl': Injection of resource dependencies failed; nested exception is org.springframework.beans.factory.BeanCreationException: Error creating bean with name 'baseDaoMybatisImpl': Injection of resource dependencies failed; nested exception is org.springframework.beans.factory.NoSuchBeanDefinitionException: No bean named 'sqlSessionFactory' is defined
2017-03-05 15:34:04  [ main:0 ] - [ INFO ]  Refreshing org.springframework.context.support.ClassPathXmlApplicationContext@13eaab: startup date [Sun Mar 05 15:34:04 CST 2017]; root of context hierarchy
2017-03-05 15:34:04  [ main:164 ] - [ INFO ]  Loading XML bean definitions from class path resource [beans.xml]
2017-03-05 15:34:05  [ main:1066 ] - [ WARN ]  Exception encountered during context initialization - cancelling refresh attempt: org.springframework.beans.factory.BeanCreationException: Error creating bean with name 'speciesBizImpl': Injection of resource dependencies failed; nested exception is org.springframework.beans.factory.BeanCreationException: Error creating bean with name 'baseDaoMybatisImpl': Injection of resource dependencies failed; nested exception is org.springframework.beans.factory.NoSuchBeanDefinitionException: No bean named 'sqlSessionFactory' is defined
2017-03-05 15:38:23  [ main:0 ] - [ INFO ]  Refreshing org.springframework.context.support.ClassPathXmlApplicationContext@1939100: startup date [Sun Mar 05 15:38:23 CST 2017]; root of context hierarchy
2017-03-05 15:38:23  [ main:155 ] - [ INFO ]  Loading XML bean definitions from class path resource [beans.xml]
2017-03-05 15:38:24  [ main:1009 ] - [ WARN ]  Exception encountered during context initialization - cancelling refresh attempt: org.springframework.beans.factory.BeanCreationException: Error creating bean with name 'speciesBizImpl': Injection of resource dependencies failed; nested exception is org.springframework.beans.factory.BeanCreationException: Error creating bean with name 'baseDaoMybatisImpl': Injection of resource dependencies failed; nested exception is org.springframework.beans.factory.NoSuchBeanDefinitionException: No bean named 'sqlSessionFactory' is defined
2017-03-05 15:40:14  [ main:0 ] - [ INFO ]  Refreshing org.springframework.context.support.ClassPathXmlApplicationContext@13eaab: startup date [Sun Mar 05 15:40:14 CST 2017]; root of context hierarchy
2017-03-05 15:40:14  [ main:157 ] - [ INFO ]  Loading XML bean definitions from class path resource [beans.xml]
2017-03-05 15:40:15  [ main:1160 ] - [ INFO ]  Loading properties file from URL [file:/E:/gitwork/FleaMarket/target/classes/jdbc.properties]
2017-03-05 15:40:25  [ main:0 ] - [ INFO ]  Refreshing org.springframework.context.support.ClassPathXmlApplicationContext@13eaab: startup date [Sun Mar 05 15:40:25 CST 2017]; root of context hierarchy
2017-03-05 15:40:26  [ main:128 ] - [ INFO ]  Loading XML bean definitions from class path resource [beans.xml]
2017-03-05 15:40:27  [ main:1115 ] - [ INFO ]  Loading properties file from URL [file:/E:/gitwork/FleaMarket/target/classes/jdbc.properties]
2017-03-05 15:42:40  [ main:0 ] - [ INFO ]  Refreshing org.springframework.context.support.ClassPathXmlApplicationContext@11bf785: startup date [Sun Mar 05 15:42:40 CST 2017]; root of context hierarchy
2017-03-05 15:42:40  [ main:154 ] - [ INFO ]  Loading XML bean definitions from class path resource [beans.xml]
2017-03-05 15:42:41  [ main:1144 ] - [ INFO ]  Loading properties file from URL [file:/E:/gitwork/FleaMarket/target/classes/jdbc.properties]
2017-03-05 15:42:44  [ main:3979 ] - [ INFO ]  Loading XML bean definitions from class path resource [org/springframework/jdbc/support/sql-error-codes.xml]
2017-03-05 15:42:44  [ main:4088 ] - [ INFO ]  SQLErrorCodes loaded: [DB2, Derby, H2, HSQL, Informix, MS-SQL, MySQL, Oracle, PostgreSQL, Sybase, Hana]
2017-03-05 15:43:50  [ main:0 ] - [ INFO ]  Refreshing org.springframework.context.support.ClassPathXmlApplicationContext@11bf785: startup date [Sun Mar 05 15:43:50 CST 2017]; root of context hierarchy
2017-03-05 15:43:50  [ main:191 ] - [ INFO ]  Loading XML bean definitions from class path resource [beans.xml]
2017-03-05 15:43:51  [ main:1197 ] - [ INFO ]  Loading properties file from URL [file:/E:/gitwork/FleaMarket/target/classes/jdbc.properties]
2017-03-05 15:43:53  [ main:3255 ] - [ INFO ]  Loading XML bean definitions from class path resource [org/springframework/jdbc/support/sql-error-codes.xml]
2017-03-05 15:43:53  [ main:3358 ] - [ INFO ]  SQLErrorCodes loaded: [DB2, Derby, H2, HSQL, Informix, MS-SQL, MySQL, Oracle, PostgreSQL, Sybase, Hana]
2017-03-05 15:44:20  [ main:0 ] - [ INFO ]  Refreshing org.springframework.context.support.ClassPathXmlApplicationContext@11bf785: startup date [Sun Mar 05 15:44:20 CST 2017]; root of context hierarchy
2017-03-05 15:44:20  [ main:190 ] - [ INFO ]  Loading XML bean definitions from class path resource [beans.xml]
2017-03-05 15:44:21  [ main:1208 ] - [ INFO ]  Loading properties file from URL [file:/E:/gitwork/FleaMarket/target/classes/jdbc.properties]
2017-03-05 16:03:54  [ main:0 ] - [ INFO ]  Refreshing org.springframework.context.support.ClassPathXmlApplicationContext@1c0a077: startup date [Sun Mar 05 16:03:54 CST 2017]; root of context hierarchy
2017-03-05 16:03:54  [ main:84 ] - [ INFO ]  Loading XML bean definitions from class path resource [beans.xml]
2017-03-05 16:03:54  [ main:614 ] - [ INFO ]  Loading properties file from URL [file:/D:/ycTime3/WORK/FleaMarket/target/classes/jdbc.properties]
2017-03-05 16:03:55  [ main:1490 ] - [ WARN ]  Exception encountered during context initialization - cancelling refresh attempt: org.springframework.beans.factory.BeanCreationException: Error creating bean with name 'goodsController': Injection of resource dependencies failed; nested exception is org.springframework.beans.factory.NoSuchBeanDefinitionException: No bean named 'goodsBizImpl' is defined
2017-03-05 16:05:07  [ main:0 ] - [ INFO ]  Refreshing org.springframework.context.support.ClassPathXmlApplicationContext@1672313: startup date [Sun Mar 05 16:05:07 CST 2017]; root of context hierarchy
2017-03-05 16:05:07  [ main:54 ] - [ INFO ]  Loading XML bean definitions from class path resource [beans.xml]
2017-03-05 16:05:07  [ main:508 ] - [ INFO ]  Loading properties file from URL [file:/D:/ycTime3/WORK/FleaMarket/target/classes/jdbc.properties]
2017-03-05 16:05:08  [ main:1127 ] - [ WARN ]  Exception encountered during context initialization - cancelling refresh attempt: org.springframework.beans.factory.BeanCreationException: Error creating bean with name 'goodsController': Injection of resource dependencies failed; nested exception is org.springframework.beans.factory.NoSuchBeanDefinitionException: No bean named 'goodsBizImpl' is defined
2017-03-05 16:06:08  [ main:0 ] - [ INFO ]  Refreshing org.springframework.context.support.ClassPathXmlApplicationContext@2fe032: startup date [Sun Mar 05 16:06:08 CST 2017]; root of context hierarchy
2017-03-05 16:06:08  [ main:57 ] - [ INFO ]  Loading XML bean definitions from class path resource [beans.xml]
2017-03-05 16:06:09  [ main:530 ] - [ INFO ]  Loading properties file from URL [file:/D:/ycTime3/WORK/FleaMarket/target/classes/jdbc.properties]
2017-03-05 16:07:26  [ main:0 ] - [ INFO ]  Refreshing org.springframework.context.support.ClassPathXmlApplicationContext@1ddad02: startup date [Sun Mar 05 16:07:26 CST 2017]; root of context hierarchy
2017-03-05 16:07:26  [ main:70 ] - [ INFO ]  Loading XML bean definitions from class path resource [beans.xml]
2017-03-05 16:07:26  [ main:524 ] - [ INFO ]  Loading properties file from URL [file:/D:/ycTime3/WORK/FleaMarket/target/classes/jdbc.properties]
